#
# A fatal error has been detected by the Java Runtime Environment:
#
#  EXCEPTION_ACCESS_VIOLATION (0xc0000005) at pc=0x56c4e7fd, pid=4476, tid=3448
#
# JRE version: Java(TM) SE Runtime Environment (8.0_05-b13) (build 1.8.0_05-b13)
# Java VM: Java HotSpot(TM) Client VM (25.5-b02 mixed mode windows-x86 )
# Problematic frame:
# V  [jvm.dll+0xbe7fd]
#
# Failed to write core dump. Minidumps are not enabled by default on client versions of Windows
#
# If you would like to submit a bug report, please visit:
#   http://bugreport.sun.com/bugreport/crash.jsp
#

---------------  T H R E A D  ---------------

Current thread (0x140d4c00):  JavaThread "JDWP Transport Listener: dt_socket" daemon [_thread_in_vm, id=3448, stack(0x14810000,0x14860000)]

siginfo: ExceptionCode=0xc0000005, reading address 0x3b656572

Registers:
EAX=0x3b656572, EBX=0x00000000, ECX=0x3b656572, EDX=0x00000000
ESP=0x1485f838, EBP=0x1485f83c, ESI=0x140d4c00, EDI=0x019672e0
EIP=0x56c4e7fd, EFLAGS=0x00010206

Top of Stack: (sp=0x1485f838)
0x1485f838:   140d4c00 1485f864 56da08a4 3b656572
0x1485f848:   1485f91c 1485f89f 140d4c00 00000000
0x1485f858:   00000000 00000000 140d4c00 1485f8a0
0x1485f868:   6a609f7b 019672e0 3b656572 1485f89f
0x1485f878:   3b656572 6a5f436d 3b656572 1485f89f
0x1485f888:   00000003 00000000 00000000 0000000a
0x1485f898:   00000000 0008b0ec 1485f8c0 6a5f44e0
0x1485f8a8:   00000001 1485f8dc 1485f918 1411d5a8 

Instructions: (pc=0x56c4e7fd)
0x56c4e7dd:   5d c3 52 e8 eb f7 ff ff 5d c3 cc cc cc cc cc cc
0x56c4e7ed:   cc cc cc 55 8b ec 8b 45 08 85 c0 75 02 5d c3 56
0x56c4e7fd:   8b 30 85 f6 74 17 83 fe 37 74 12 8b 06 8b 50 04
0x56c4e80d:   8b ce ff d2 84 c0 74 05 8b c6 5e 5d c3 33 c0 5e 


Register to memory mapping:

EAX=0x3b656572 is an unknown value
EBX=0x00000000 is an unknown value
ECX=0x3b656572 is an unknown value
EDX=0x00000000 is an unknown value
ESP=0x1485f838 is pointing into the stack for thread: 0x140d4c00
EBP=0x1485f83c is pointing into the stack for thread: 0x140d4c00
ESI=0x140d4c00 is a thread
EDI=0x019672e0 is an unknown value


Stack: [0x14810000,0x14860000],  sp=0x1485f838,  free space=318k
Native frames: (J=compiled Java code, j=interpreted, Vv=VM code, C=native code)
V  [jvm.dll+0xbe7fd]
V  [jvm.dll+0x2108a4]
C  [jdwp.dll+0x19f7b]
C  [jdwp.dll+0x44e0]
C  [jdwp.dll+0x451e]


---------------  P R O C E S S  ---------------

Java Threads: ( => current thread )
  0x14115000 JavaThread "Service Thread" daemon [_thread_blocked, id=2896, stack(0x14980000,0x149d0000)]
  0x140de800 JavaThread "C1 CompilerThread0" daemon [_thread_blocked, id=3916, stack(0x14a00000,0x14a50000)]
  0x140d8400 JavaThread "JDWP Command Reader" daemon [_thread_in_native, id=5592, stack(0x14360000,0x143b0000)]
  0x140d7000 JavaThread "JDWP Event Helper Thread" daemon [_thread_blocked, id=4176, stack(0x148a0000,0x148f0000)]
=>0x140d4c00 JavaThread "JDWP Transport Listener: dt_socket" daemon [_thread_in_vm, id=3448, stack(0x14810000,0x14860000)]
  0x140c7c00 JavaThread "Attach Listener" daemon [_thread_blocked, id=5880, stack(0x14440000,0x14490000)]
  0x140b0c00 JavaThread "Signal Dispatcher" daemon [_thread_blocked, id=3300, stack(0x144a0000,0x144f0000)]
  0x14081000 JavaThread "Finalizer" daemon [_thread_blocked, id=4048, stack(0x03b90000,0x03be0000)]
  0x14079800 JavaThread "Reference Handler" daemon [_thread_blocked, id=2724, stack(0x01910000,0x01960000)]
  0x0196c800 JavaThread "main" [_thread_blocked, id=4012, stack(0x018b0000,0x01900000)]

Other Threads:
  0x14076400 VMThread [stack: 0x143b0000,0x14400000] [id=5540]
  0x14116c00 WatcherThread [stack: 0x14910000,0x14960000] [id=5108]

VM state:not at safepoint (normal execution)

VM Mutex/Monitor currently owned by a thread: None

Heap:
 def new generation   total 4928K, used 893K [0x03c00000, 0x04150000, 0x09150000)
  eden space 4416K,  20% used [0x03c00000, 0x03cdf7f0, 0x04050000)
  from space 512K,   0% used [0x04050000, 0x04050000, 0x040d0000)
  to   space 512K,   0% used [0x040d0000, 0x040d0000, 0x04150000)
 tenured generation   total 10944K, used 0K [0x09150000, 0x09c00000, 0x13c00000)
   the space 10944K,   0% used [0x09150000, 0x09150000, 0x09150200, 0x09c00000)
 Metaspace       used 1600K, capacity 2280K, committed 2368K, reserved 4480K

Card table byte_map: [0x01970000,0x01a00000] byte_map_base: 0x01952000

Polling page: 0x00180000

CodeCache: size=32768Kb used=657Kb max_used=657Kb free=32111Kb
 bounds [0x01b80000, 0x01c28000, 0x03b80000]
 total_blobs=138 nmethods=9 adapters=70
 compilation: enabled

Compilation events (10 events):
Event: 0.320 Thread 0x140de800    5             java.lang.String::length (6 bytes)
Event: 0.320 Thread 0x140de800 nmethod 5 0x01c23208 code [0x01c23300, 0x01c23390]
Event: 0.322 Thread 0x140de800    6             java.lang.String::equals (81 bytes)
Event: 0.323 Thread 0x140de800 nmethod 6 0x01c23408 code [0x01c23510, 0x01c236a0]
Event: 0.326 Thread 0x140de800    7             java.lang.AbstractStringBuilder::ensureCapacityInternal (16 bytes)
Event: 0.326 Thread 0x140de800 nmethod 7 0x01c23808 code [0x01c23910, 0x01c239cc]
Event: 0.329 Thread 0x140de800    8             java.lang.String::lastIndexOf (52 bytes)
Event: 0.330 Thread 0x140de800 nmethod 8 0x01c23a48 code [0x01c23b50, 0x01c23c6c]
Event: 2.599 Thread 0x140de800    9             java.lang.String::indexOf (166 bytes)
Event: 2.600 Thread 0x140de800 nmethod 9 0x01c23d48 code [0x01c23e60, 0x01c240b0]

GC Heap History (0 events):
No events

Deoptimization events (0 events):
No events

Internal exceptions (5 events):
Event: 0.049 Thread 0x0196c800 Exception <a 'java/lang/NoSuchMethodError': Method sun.misc.Unsafe.defineClass(Ljava/lang/String;[BII)Ljava/lang/Class; name or signature does not match> (0x03c0fbd0) thrown at [D:\re\workspace\8-2-build-windows-i586-cygwin\jdk8u5\2488\hotspot\src\share\vmˆÊh!D9©?
Event: 0.049 Thread 0x0196c800 Exception <a 'java/lang/NoSuchMethodError': Method sun.misc.Unsafe.prefetchRead(Ljava/lang/Object;J)V name or signature does not match> (0x03c0fe50) thrown at [D:\re\workspace\8-2-build-windows-i586-cygwin\jdk8u5\2488\hotspot\src\share\vm\prims\jni.cpp, lioìœ“Ô?
Event: 0.322 Thread 0x0196c800 Exception <a 'java/security/PrivilegedActionException'> (0x03cc9c30) thrown at [D:\re\workspace\8-2-build-windows-i586-cygwin\jdk8u5\2488\hotspot\src\share\vm\prims\jvm.cpp, line 1248]
Event: 2.594 Thread 0x0196c800 Exception <a 'java/security/PrivilegedActionException'> (0x03ccf7a8) thrown at [D:\re\workspace\8-2-build-windows-i586-cygwin\jdk8u5\2488\hotspot\src\share\vm\prims\jvm.cpp, line 1248]
Event: 2.598 Thread 0x0196c800 Exception <a 'java/security/PrivilegedActionException'> (0x03cd0a48) thrown at [D:\re\workspace\8-2-build-windows-i586-cygwin\jdk8u5\2488\hotspot\src\share\vm\prims\jvm.cpp, line 1248]

Events (10 events):
Event: 3897.528 Executing VM operation: RedefineClasses
Event: 3897.529 Executing VM operation: RedefineClasses done
Event: 3897.535 Executing VM operation: ChangeBreakpoints
Event: 3897.535 Executing VM operation: ChangeBreakpoints done
Event: 3899.638 Executing VM operation: RedefineClasses
Event: 3899.639 Executing VM operation: RedefineClasses done
Event: 3899.643 Executing VM operation: ChangeBreakpoints
Event: 3899.643 Executing VM operation: ChangeBreakpoints done
Event: 4170.571 Executing VM operation: RedefineClasses
Event: 4170.571 Executing VM operation: RedefineClasses done


Dynamic libraries:
0x001b0000 - 0x001e0000 	C:\Program Files\Java\jre8\bin\javaw.exe
0x77540000 - 0x7767c000 	C:\Windows\SYSTEM32\ntdll.dll
0x76120000 - 0x761f4000 	C:\Windows\system32\kernel32.dll
0x75860000 - 0x758ab000 	C:\Windows\system32\KERNELBASE.dll
0x76200000 - 0x762a0000 	C:\Windows\system32\ADVAPI32.dll
0x762b0000 - 0x7635c000 	C:\Windows\system32\msvcrt.dll
0x76360000 - 0x76379000 	C:\Windows\SYSTEM32\sechost.dll
0x77030000 - 0x770d2000 	C:\Windows\system32\RPCRT4.dll
0x75b90000 - 0x75c59000 	C:\Windows\system32\USER32.dll
0x75ca0000 - 0x75cee000 	C:\Windows\system32\GDI32.dll
0x76040000 - 0x7604a000 	C:\Windows\system32\LPK.dll
0x75af0000 - 0x75b8d000 	C:\Windows\system32\USP10.dll
0x741d0000 - 0x7436e000 	C:\Windows\WinSxS\x86_microsoft.windows.common-controls_6595b64144ccf1df_6.0.7601.17514_none_41e6975e2bd6f2b2\COMCTL32.dll
0x76380000 - 0x763d7000 	C:\Windows\system32\SHLWAPI.dll
0x77690000 - 0x776af000 	C:\Windows\system32\IMM32.DLL
0x76050000 - 0x7611c000 	C:\Windows\system32\MSCTF.dll
0x63470000 - 0x6352f000 	C:\Program Files\Java\jre8\bin\msvcr100.dll
0x56b90000 - 0x56f26000 	C:\Program Files\Java\jre8\bin\client\jvm.dll
0x71bc0000 - 0x71bc7000 	C:\Windows\system32\WSOCK32.dll
0x75c60000 - 0x75c95000 	C:\Windows\system32\WS2_32.dll
0x76030000 - 0x76036000 	C:\Windows\system32\NSI.dll
0x73b10000 - 0x73b42000 	C:\Windows\system32\WINMM.dll
0x762a0000 - 0x762a5000 	C:\Windows\system32\PSAPI.DLL
0x679e0000 - 0x679ec000 	C:\Program Files\Java\jre8\bin\verify.dll
0x679b0000 - 0x679d1000 	C:\Program Files\Java\jre8\bin\java.dll
0x6a5f0000 - 0x6a619000 	C:\Program Files\Java\jre8\bin\jdwp.dll
0x705f0000 - 0x705f7000 	C:\Program Files\Java\jre8\bin\npt.dll
0x67990000 - 0x679a3000 	C:\Program Files\Java\jre8\bin\zip.dll
0x763e0000 - 0x7702a000 	C:\Windows\system32\SHELL32.dll
0x77390000 - 0x774ec000 	C:\Windows\system32\ole32.dll
0x75690000 - 0x7569b000 	C:\Windows\system32\profapi.dll
0x70050000 - 0x70058000 	C:\Program Files\Java\jre8\bin\dt_socket.dll
0x73cb0000 - 0x73cc0000 	C:\Windows\system32\NLAapi.dll
0x70bc0000 - 0x70bd0000 	C:\Windows\system32\napinsp.dll
0x70b80000 - 0x70b92000 	C:\Windows\system32\pnrpnsp.dll
0x713e0000 - 0x713ed000 	C:\Windows\system32\wshbth.dll
0x750f0000 - 0x7512c000 	C:\Windows\System32\mswsock.dll
0x74fb0000 - 0x74ff4000 	C:\Windows\system32\DNSAPI.dll
0x70bd0000 - 0x70bd8000 	C:\Windows\System32\winrnr.dll
0x738e0000 - 0x738fc000 	C:\Windows\system32\IPHLPAPI.DLL
0x738d0000 - 0x738d7000 	C:\Windows\system32\WINNSI.DLL
0x73600000 - 0x73638000 	C:\Windows\System32\fwpuclnt.dll
0x71d00000 - 0x71d06000 	C:\Windows\system32\rasadhlp.dll
0x74c00000 - 0x74c05000 	C:\Windows\System32\wshtcpip.dll
0x74920000 - 0x74a0b000 	C:\Windows\system32\dbghelp.dll

VM Arguments:
jvm_args: -agentlib:jdwp=transport=dt_socket,suspend=y,address=localhost:62763 -Dfile.encoding=MS949 
java_command: DPSForTree
java_class_path (initial): C:\Users\user\workspace_for_android\AlgorythmStudy\bin
Launcher Type: SUN_STANDARD

Environment Variables:
JAVA_HOME=C:\Program Files\Java\jdk1.8.0_05
PATH=C:/Program Files/Java/jre8/bin/client;C:/Program Files/Java/jre8/bin;C:/Program Files/Java/jre8/lib/i386;C:\Program Files\AMD APP\bin\x86;C:\Program Files\Intel\iCLS Client\;C:\Windows\system32;C:\Windows;C:\Windows\System32\Wbem;C:\Windows\System32\WindowsPowerShell\v1.0\;C:\Program Files\Intel\Intel(R) Management Engine Components\DAL;C:\Program Files\Intel\Intel(R) Management Engine Components\IPT;C:\Program Files\ATI Technologies\ATI.ACE\Core-Static;C:\Program Files\IDM Computer Solutions\UltraEdit\;C:\Program Files\IDM Computer Solutions\UltraCompare\;C:\Users\user\Desktop\development\adt-bundle-windows-x86-20140702\eclipse;
USERNAME=duhyeong1.kim
OS=Windows_NT
PROCESSOR_IDENTIFIER=x86 Family 6 Model 58 Stepping 9, GenuineIntel



---------------  S Y S T E M  ---------------

OS: Windows 7 Build 7601 Service Pack 1

CPU:total 4 (2 cores per cpu, 2 threads per core) family 6 model 58 stepping 9, cmov, cx8, fxsr, mmx, sse, sse2, sse3, ssse3, sse4.1, sse4.2, popcnt, avx, aes, clmul, erms, ht, tsc, tscinvbit

Memory: 4k page, physical 2849136k(1028260k free), swap 5696520k(2330464k free)

vm_info: Java HotSpot(TM) Client VM (25.5-b02) for windows-x86 JRE (1.8.0_05-b13), built on Mar 18 2014 01:14:47 by "java_re" with MS VC++ 10.0 (VS2010)

time: Thu Jul 24 09:51:21 2014
elapsed time: 4170 seconds

